This is pdfTeX, Version 3.14159265-2.6-1.40.16 (TeX Live 2015/Debian) (preloaded format=pdflatex 2016.10.1)  20 AUG 2018 13:30
entering extended mode
 restricted \write18 enabled.
 %&-line parsing enabled.
**thesis.tex
(./thesis.tex
LaTeX2e <2016/02/01>
Babel <3.9q> and hyphenation patterns for 3 language(s) loaded.
(./ucdgradtaughtthesis.cls
Document Class: ucdgradtaughtthesis 2018/07/26 1.0 University College Dublin Gr
aduate Taught Thesis Class
(/usr/share/texlive/texmf-dist/tex/latex/base/report.cls
Document Class: report 2014/09/29 v1.4h Standard LaTeX document class
(/usr/share/texlive/texmf-dist/tex/latex/base/size12.clo
File: size12.clo 2014/09/29 v1.4h Standard LaTeX file (size option)
)
\c@part=\count79
\c@chapter=\count80
\c@section=\count81
\c@subsection=\count82
\c@subsubsection=\count83
\c@paragraph=\count84
\c@subparagraph=\count85
\c@figure=\count86
\c@table=\count87
\abovecaptionskip=\skip41
\belowcaptionskip=\skip42
\bibindent=\dimen102
)
(/usr/share/texlive/texmf-dist/tex/latex/geometry/geometry.sty
Package: geometry 2010/09/12 v5.6 Page Geometry

(/usr/share/texlive/texmf-dist/tex/latex/graphics/keyval.sty
Package: keyval 2014/10/28 v1.15 key=value parser (DPC)
\KV@toks@=\toks14
)
(/usr/share/texlive/texmf-dist/tex/generic/oberdiek/ifpdf.sty
Package: ifpdf 2011/01/30 v2.3 Provides the ifpdf switch (HO)
Package ifpdf Info: pdfTeX in PDF mode is detected.
)
(/usr/share/texlive/texmf-dist/tex/generic/oberdiek/ifvtex.sty
Package: ifvtex 2010/03/01 v1.5 Detect VTeX and its facilities (HO)
Package ifvtex Info: VTeX not detected.
)
(/usr/share/texlive/texmf-dist/tex/generic/ifxetex/ifxetex.sty
Package: ifxetex 2010/09/12 v0.6 Provides ifxetex conditional
)
\Gm@cnth=\count88
\Gm@cntv=\count89
\c@Gm@tempcnt=\count90
\Gm@bindingoffset=\dimen103
\Gm@wd@mp=\dimen104
\Gm@odd@mp=\dimen105
\Gm@even@mp=\dimen106
\Gm@layoutwidth=\dimen107
\Gm@layoutheight=\dimen108
\Gm@layouthoffset=\dimen109
\Gm@layoutvoffset=\dimen110
\Gm@dimlist=\toks15
)
(/usr/share/texlive/texmf-dist/tex/latex/setspace/setspace.sty
Package: setspace 2011/12/19 v6.7a set line spacing
)
(/usr/share/texlive/texmf-dist/tex/latex/url/url.sty
\Urlmuskip=\muskip10
Package: url 2013/09/16  ver 3.4  Verb mode for urls, etc.
)
(/usr/share/texlive/texmf-dist/tex/latex/natbib/natbib.sty
Package: natbib 2010/09/13 8.31b (PWD, AO)
\bibhang=\skip43
\bibsep=\skip44
LaTeX Info: Redefining \cite on input line 694.
\c@NAT@ctr=\count91
)
(/usr/share/texlive/texmf-dist/tex/latex/fancyhdr/fancyhdr.sty
\fancy@headwidth=\skip45
\f@ncyO@elh=\skip46
\f@ncyO@erh=\skip47
\f@ncyO@olh=\skip48
\f@ncyO@orh=\skip49
\f@ncyO@elf=\skip50
\f@ncyO@erf=\skip51
\f@ncyO@olf=\skip52
\f@ncyO@orf=\skip53
)
(/usr/share/texlive/texmf-dist/tex/latex/listings/listings.sty
\lst@mode=\count92
\lst@gtempboxa=\box26
\lst@token=\toks16
\lst@length=\count93
\lst@currlwidth=\dimen111
\lst@column=\count94
\lst@pos=\count95
\lst@lostspace=\dimen112
\lst@width=\dimen113
\lst@newlines=\count96
\lst@lineno=\count97
\lst@maxwidth=\dimen114

(/usr/share/texlive/texmf-dist/tex/latex/listings/lstmisc.sty
File: lstmisc.sty 2015/06/04 1.6 (Carsten Heinz)
\c@lstnumber=\count98
\lst@skipnumbers=\count99
\lst@framebox=\box27
)
(/usr/share/texlive/texmf-dist/tex/latex/listings/listings.cfg
File: listings.cfg 2015/06/04 1.6 listings configuration
))
Package: listings 2015/06/04 1.6 (Carsten Heinz)
)
(/usr/share/texlive/texmf-dist/tex/latex/caption/subcaption.sty
Package: subcaption 2016/02/20 v1.1-142 Sub-captions (AR)

(/usr/share/texlive/texmf-dist/tex/latex/caption/caption.sty
Package: caption 2016/02/21 v3.3-144 Customizing captions (AR)

(/usr/share/texlive/texmf-dist/tex/latex/caption/caption3.sty
Package: caption3 2016/02/04 v1.7-139 caption3 kernel (AR)
Package caption3 Info: TeX engine: e-TeX on input line 67.
\captionmargin=\dimen115
\captionmargin@=\dimen116
\captionwidth=\dimen117
\caption@tempdima=\dimen118
\caption@indent=\dimen119
\caption@parindent=\dimen120
\caption@hangindent=\dimen121
)
\c@ContinuedFloat=\count100
Package caption Info: listings package is loaded.
)
\c@subfigure=\count101
\c@subtable=\count102
)
(/usr/share/texlive/texmf-dist/tex/latex/cancel/cancel.sty
Package: cancel 2013/04/12 v2.2 Cancel math terms
)
(/usr/share/texlive/texmf-dist/tex/latex/tools/multicol.sty
Package: multicol 2015/08/19 v1.8n multicolumn formatting (FMi)
\c@tracingmulticols=\count103
\mult@box=\box28
\multicol@leftmargin=\dimen122
\c@unbalance=\count104
\c@collectmore=\count105
\doublecol@number=\count106
\multicoltolerance=\count107
\multicolpretolerance=\count108
\full@width=\dimen123
\page@free=\dimen124
\premulticols=\dimen125
\postmulticols=\dimen126
\multicolsep=\skip54
\multicolbaselineskip=\skip55
\partial@page=\box29
\last@line=\box30
\maxbalancingoverflow=\dimen127
\mult@rightbox=\box31
\mult@grightbox=\box32
\mult@gfirstbox=\box33
\mult@firstbox=\box34
\@tempa=\box35
\@tempa=\box36
\@tempa=\box37
\@tempa=\box38
\@tempa=\box39
\@tempa=\box40
\@tempa=\box41
\@tempa=\box42
\@tempa=\box43
\@tempa=\box44
\@tempa=\box45
\@tempa=\box46
\@tempa=\box47
\@tempa=\box48
\@tempa=\box49
\@tempa=\box50
\@tempa=\box51
\c@columnbadness=\count109
\c@finalcolumnbadness=\count110
\last@try=\dimen128
\multicolovershoot=\dimen129
\multicolundershoot=\dimen130
\mult@nat@firstbox=\box52
\colbreak@box=\box53
\mc@col@check@num=\count111
)
(/usr/share/texlive/texmf-dist/tex/latex/pdfpages/pdfpages.sty
Package: pdfpages 2015/09/18 v0.5d Insert pages of external PDF documents (AM)

(/usr/share/texlive/texmf-dist/tex/latex/base/ifthen.sty
Package: ifthen 2014/09/29 v1.1c Standard LaTeX ifthen package (DPC)
)
(/usr/share/texlive/texmf-dist/tex/latex/tools/calc.sty
Package: calc 2014/10/28 v4.3 Infix arithmetic (KKT,FJ)
\calc@Acount=\count112
\calc@Bcount=\count113
\calc@Adimen=\dimen131
\calc@Bdimen=\dimen132
\calc@Askip=\skip56
\calc@Bskip=\skip57
LaTeX Info: Redefining \setlength on input line 80.
LaTeX Info: Redefining \addtolength on input line 81.
\calc@Ccount=\count114
\calc@Cskip=\skip58
)
(/usr/share/texlive/texmf-dist/tex/latex/eso-pic/eso-pic.sty
Package: eso-pic 2015/07/21 v2.0g eso-pic (RN)

(/usr/share/texlive/texmf-dist/tex/generic/oberdiek/atbegshi.sty
Package: atbegshi 2011/10/05 v1.16 At begin shipout hook (HO)

(/usr/share/texlive/texmf-dist/tex/generic/oberdiek/infwarerr.sty
Package: infwarerr 2010/04/08 v1.3 Providing info/warning/error messages (HO)
)
(/usr/share/texlive/texmf-dist/tex/generic/oberdiek/ltxcmds.sty
Package: ltxcmds 2011/11/09 v1.22 LaTeX kernel commands for general use (HO)
))
(/usr/share/texlive/texmf-dist/tex/latex/xcolor/xcolor.sty
Package: xcolor 2007/01/21 v2.11 LaTeX color extensions (UK)

(/usr/share/texlive/texmf-dist/tex/latex/latexconfig/color.cfg
File: color.cfg 2007/01/18 v1.5 color configuration of teTeX/TeXLive
)
Package xcolor Info: Driver file: pdftex.def on input line 225.

(/usr/share/texlive/texmf-dist/tex/latex/pdftex-def/pdftex.def
File: pdftex.def 2011/05/27 v0.06d Graphics/color for pdfTeX
\Gread@gobject=\count115
)
Package xcolor Info: Model `cmy' substituted by `cmy0' on input line 1337.
Package xcolor Info: Model `hsb' substituted by `rgb' on input line 1341.
Package xcolor Info: Model `RGB' extended on input line 1353.
Package xcolor Info: Model `HTML' substituted by `rgb' on input line 1355.
Package xcolor Info: Model `Hsb' substituted by `hsb' on input line 1356.
Package xcolor Info: Model `tHsb' substituted by `hsb' on input line 1357.
Package xcolor Info: Model `HSB' substituted by `hsb' on input line 1358.
Package xcolor Info: Model `Gray' substituted by `gray' on input line 1359.
Package xcolor Info: Model `wave' substituted by `hsb' on input line 1360.
))
(/usr/share/texlive/texmf-dist/tex/latex/graphics/graphicx.sty
Package: graphicx 2014/10/28 v1.0g Enhanced LaTeX Graphics (DPC,SPQR)

(/usr/share/texlive/texmf-dist/tex/latex/graphics/graphics.sty
Package: graphics 2016/01/03 v1.0q Standard LaTeX Graphics (DPC,SPQR)

(/usr/share/texlive/texmf-dist/tex/latex/graphics/trig.sty
Package: trig 2016/01/03 v1.10 sin cos tan (DPC)
)
(/usr/share/texlive/texmf-dist/tex/latex/latexconfig/graphics.cfg
File: graphics.cfg 2010/04/23 v1.9 graphics configuration of TeX Live
)
Package graphics Info: Driver file: pdftex.def on input line 95.
)
\Gin@req@height=\dimen133
\Gin@req@width=\dimen134
)
\AM@pagewidth=\dimen135
\AM@pageheight=\dimen136

(/usr/share/texlive/texmf-dist/tex/latex/pdfpages/pppdftex.def
File: pppdftex.def 2015/09/18 v0.5d Pdfpages driver for pdfTeX (AM)
)
\AM@pagebox=\box54
\AM@toc@title=\toks17
\c@AM@survey=\count116
\AM@templatesizebox=\box55
)
(/usr/share/texlive/texmf-dist/tex/latex/amsfonts/amssymb.sty
Package: amssymb 2013/01/14 v3.01 AMS font symbols

(/usr/share/texlive/texmf-dist/tex/latex/amsfonts/amsfonts.sty
Package: amsfonts 2013/01/14 v3.01 Basic AMSFonts support
\@emptytoks=\toks18
\symAMSa=\mathgroup4
\symAMSb=\mathgroup5
LaTeX Font Info:    Overwriting math alphabet `\mathfrak' in version `bold'
(Font)                  U/euf/m/n --> U/euf/b/n on input line 106.
))
(/usr/share/texlive/texmf-dist/tex/latex/amsmath/amsmath.sty
Package: amsmath 2016/03/03 v2.15a AMS math features
\@mathmargin=\skip59

For additional information on amsmath, use the `?' option.
(/usr/share/texlive/texmf-dist/tex/latex/amsmath/amstext.sty
Package: amstext 2000/06/29 v2.01 AMS text

(/usr/share/texlive/texmf-dist/tex/latex/amsmath/amsgen.sty
File: amsgen.sty 1999/11/30 v2.0 generic functions
\@emptytoks=\toks19
\ex@=\dimen137
))
(/usr/share/texlive/texmf-dist/tex/latex/amsmath/amsbsy.sty
Package: amsbsy 1999/11/29 v1.2d Bold Symbols
\pmbraise@=\dimen138
)
(/usr/share/texlive/texmf-dist/tex/latex/amsmath/amsopn.sty
Package: amsopn 1999/12/14 v2.01 operator names
)
\inf@bad=\count117
LaTeX Info: Redefining \frac on input line 199.
\uproot@=\count118
\leftroot@=\count119
LaTeX Info: Redefining \overline on input line 297.
\classnum@=\count120
\DOTSCASE@=\count121
LaTeX Info: Redefining \ldots on input line 394.
LaTeX Info: Redefining \dots on input line 397.
LaTeX Info: Redefining \cdots on input line 518.
\Mathstrutbox@=\box56
\strutbox@=\box57
\big@size=\dimen139
LaTeX Font Info:    Redeclaring font encoding OML on input line 630.
LaTeX Font Info:    Redeclaring font encoding OMS on input line 631.
\macc@depth=\count122
\c@MaxMatrixCols=\count123
\dotsspace@=\muskip11
\c@parentequation=\count124
\dspbrk@lvl=\count125
\tag@help=\toks20
\row@=\count126
\column@=\count127
\maxfields@=\count128
\andhelp@=\toks21
\eqnshift@=\dimen140
\alignsep@=\dimen141
\tagshift@=\dimen142
\tagwidth@=\dimen143
\totwidth@=\dimen144
\lineht@=\dimen145
\@envbody=\toks22
\multlinegap=\skip60
\multlinetaggap=\skip61
\mathdisplay@stack=\toks23
LaTeX Info: Redefining \[ on input line 2735.
LaTeX Info: Redefining \] on input line 2736.
)
(/usr/share/texlive/texmf-dist/tex/latex/tools/array.sty
Package: array 2014/10/28 v2.4c Tabular extension package (FMi)
\col@sep=\dimen146
\extrarowheight=\dimen147
\NC@list=\toks24
\extratabsurround=\skip62
\backup@length=\skip63
)
(/usr/share/texlive/texmf-dist/tex/latex/tocbibind/tocbibind.sty
Package: tocbibind 2010/10/13 v1.5k extra ToC listings
Package tocbibind Info: The document has chapter divisions on input line 50.


Package tocbibind Note: Using chapter style headings, unless overridden.

) (/usr/share/texlive/texmf-dist/tex/latex/hyperref/hyperref.sty
Package: hyperref 2012/11/06 v6.83m Hypertext links for LaTeX

(/usr/share/texlive/texmf-dist/tex/generic/oberdiek/hobsub-hyperref.sty
Package: hobsub-hyperref 2012/05/28 v1.13 Bundle oberdiek, subset hyperref (HO)


(/usr/share/texlive/texmf-dist/tex/generic/oberdiek/hobsub-generic.sty
Package: hobsub-generic 2012/05/28 v1.13 Bundle oberdiek, subset generic (HO)
Package: hobsub 2012/05/28 v1.13 Construct package bundles (HO)
Package hobsub Info: Skipping package `infwarerr' (already loaded).
Package hobsub Info: Skipping package `ltxcmds' (already loaded).
Package: ifluatex 2010/03/01 v1.3 Provides the ifluatex switch (HO)
Package ifluatex Info: LuaTeX not detected.
Package hobsub Info: Skipping package `ifvtex' (already loaded).
Package: intcalc 2007/09/27 v1.1 Expandable calculations with integers (HO)
Package hobsub Info: Skipping package `ifpdf' (already loaded).
Package: etexcmds 2011/02/16 v1.5 Avoid name clashes with e-TeX commands (HO)
Package etexcmds Info: Could not find \expanded.
(etexcmds)             That can mean that you are not using pdfTeX 1.50 or
(etexcmds)             that some package has redefined \expanded.
(etexcmds)             In the latter case, load this package earlier.
Package: kvsetkeys 2012/04/25 v1.16 Key value parser (HO)
Package: kvdefinekeys 2011/04/07 v1.3 Define keys (HO)
Package: pdftexcmds 2011/11/29 v0.20 Utility functions of pdfTeX for LuaTeX (HO
)
Package pdftexcmds Info: LuaTeX not detected.
Package pdftexcmds Info: \pdf@primitive is available.
Package pdftexcmds Info: \pdf@ifprimitive is available.
Package pdftexcmds Info: \pdfdraftmode found.
Package: pdfescape 2011/11/25 v1.13 Implements pdfTeX's escape features (HO)
Package: bigintcalc 2012/04/08 v1.3 Expandable calculations on big integers (HO
)
Package: bitset 2011/01/30 v1.1 Handle bit-vector datatype (HO)
Package: uniquecounter 2011/01/30 v1.2 Provide unlimited unique counter (HO)
)
Package hobsub Info: Skipping package `hobsub' (already loaded).
Package: letltxmacro 2010/09/02 v1.4 Let assignment for LaTeX macros (HO)
Package: hopatch 2012/05/28 v1.2 Wrapper for package hooks (HO)
Package: xcolor-patch 2011/01/30 xcolor patch
Package: atveryend 2011/06/30 v1.8 Hooks at the very end of document (HO)
Package atveryend Info: \enddocument detected (standard20110627).
Package hobsub Info: Skipping package `atbegshi' (already loaded).
Package: refcount 2011/10/16 v3.4 Data extraction from label references (HO)
Package: hycolor 2011/01/30 v1.7 Color options for hyperref/bookmark (HO)
)
(/usr/share/texlive/texmf-dist/tex/latex/oberdiek/auxhook.sty
Package: auxhook 2011/03/04 v1.3 Hooks for auxiliary files (HO)
)
(/usr/share/texlive/texmf-dist/tex/latex/oberdiek/kvoptions.sty
Package: kvoptions 2011/06/30 v3.11 Key value format for package options (HO)
)
\@linkdim=\dimen148
\Hy@linkcounter=\count129
\Hy@pagecounter=\count130

(/usr/share/texlive/texmf-dist/tex/latex/hyperref/pd1enc.def
File: pd1enc.def 2012/11/06 v6.83m Hyperref: PDFDocEncoding definition (HO)
)
\Hy@SavedSpaceFactor=\count131

(/usr/share/texlive/texmf-dist/tex/latex/latexconfig/hyperref.cfg
File: hyperref.cfg 2002/06/06 v1.2 hyperref configuration of TeXLive
)
Package hyperref Info: Option `colorlinks' set `true' on input line 4319.
Package hyperref Info: Hyper figures OFF on input line 4443.
Package hyperref Info: Link nesting OFF on input line 4448.
Package hyperref Info: Hyper index ON on input line 4451.
Package hyperref Info: Plain pages OFF on input line 4458.
Package hyperref Info: Backreferencing OFF on input line 4463.
Package hyperref Info: Implicit mode ON; LaTeX internals redefined.
Package hyperref Info: Bookmarks ON on input line 4688.
\c@Hy@tempcnt=\count132
LaTeX Info: Redefining \url on input line 5041.
\XeTeXLinkMargin=\dimen149
\Fld@menulength=\count133
\Field@Width=\dimen150
\Fld@charsize=\dimen151
Package hyperref Info: Hyper figures OFF on input line 6295.
Package hyperref Info: Link nesting OFF on input line 6300.
Package hyperref Info: Hyper index ON on input line 6303.
Package hyperref Info: backreferencing OFF on input line 6310.
Package hyperref Info: Link coloring ON on input line 6313.
Package hyperref Info: Link coloring with OCG OFF on input line 6320.
Package hyperref Info: PDF/A mode OFF on input line 6325.
LaTeX Info: Redefining \ref on input line 6365.
LaTeX Info: Redefining \pageref on input line 6369.
\Hy@abspage=\count134
\c@Item=\count135
\c@Hfootnote=\count136
)

Package hyperref Message: Driver (autodetected): hpdftex.

(/usr/share/texlive/texmf-dist/tex/latex/hyperref/hpdftex.def
File: hpdftex.def 2012/11/06 v6.83m Hyperref driver for pdfTeX
\Fld@listcount=\count137
\c@bookmark@seq@number=\count138

(/usr/share/texlive/texmf-dist/tex/latex/oberdiek/rerunfilecheck.sty
Package: rerunfilecheck 2011/04/15 v1.7 Rerun checks for auxiliary files (HO)
Package uniquecounter Info: New unique counter `rerunfilecheck' on input line 2
82.
)
\Hy@SectionHShift=\skip64
)
(./thesis.aux (./abstract.aux) (./acknowledgments.aux) (./intro.aux)
(./theory.aux

LaTeX Warning: Label `sec:der-sub' multiply defined.

) (./results.aux

LaTeX Warning: Label `sec:l_pdf' multiply defined.


LaTeX Warning: Label `' multiply defined.


LaTeX Warning: Label `sub@' multiply defined.


LaTeX Warning: Label `' multiply defined.


LaTeX Warning: Label `sub@' multiply defined.


LaTeX Warning: Label `' multiply defined.


LaTeX Warning: Label `sub@' multiply defined.

) (./discussion.aux) (./appendix1.aux

LaTeX Warning: Label `fig:test' multiply defined.

) (./code.aux))
\openout1 = `thesis.aux'.

LaTeX Font Info:    Checking defaults for OML/cmm/m/it on input line 65.
LaTeX Font Info:    ... okay on input line 65.
LaTeX Font Info:    Checking defaults for T1/cmr/m/n on input line 65.
LaTeX Font Info:    ... okay on input line 65.
LaTeX Font Info:    Checking defaults for OT1/cmr/m/n on input line 65.
LaTeX Font Info:    ... okay on input line 65.
LaTeX Font Info:    Checking defaults for OMS/cmsy/m/n on input line 65.
LaTeX Font Info:    ... okay on input line 65.
LaTeX Font Info:    Checking defaults for OMX/cmex/m/n on input line 65.
LaTeX Font Info:    ... okay on input line 65.
LaTeX Font Info:    Checking defaults for U/cmr/m/n on input line 65.
LaTeX Font Info:    ... okay on input line 65.
LaTeX Font Info:    Checking defaults for PD1/pdf/m/n on input line 65.
LaTeX Font Info:    ... okay on input line 65.

*geometry* driver: auto-detecting
*geometry* detected driver: pdftex
*geometry* verbose mode - [ preamble ] result:
* driver: pdftex
* paper: a4paper
* layout: <same size as paper>
* layoutoffset:(h,v)=(0.0pt,0.0pt)
* modes: 
* h-part:(L,W,R)=(85.35826pt, 455.24411pt, 56.9055pt)
* v-part:(T,H,B)=(56.9055pt, 702.78308pt, 85.35826pt)
* \paperwidth=597.50787pt
* \paperheight=845.04684pt
* \textwidth=455.24411pt
* \textheight=702.78308pt
* \oddsidemargin=13.08827pt
* \evensidemargin=13.08827pt
* \topmargin=-52.36449pt
* \headheight=30.0pt
* \headsep=25.0pt
* \topskip=12.0pt
* \footskip=30.0pt
* \marginparwidth=44.0pt
* \marginparsep=10.0pt
* \columnsep=10.0pt
* \skip\footins=10.8pt plus 4.0pt minus 2.0pt
* \hoffset=0.0pt
* \voffset=0.0pt
* \mag=1000
* \@twocolumnfalse
* \@twosidefalse
* \@mparswitchfalse
* \@reversemarginfalse
* (1in=72.27pt=25.4mm, 1cm=28.453pt)

\c@lstlisting=\count139
Package caption Info: Begin \AtBeginDocument code.
Package caption Info: hyperref package is loaded.
Package caption Info: End \AtBeginDocument code.
\AtBeginShipoutBox=\box58
(/usr/share/texlive/texmf-dist/tex/context/base/supp-pdf.mkii
[Loading MPS to PDF converter (version 2006.09.02).]
\scratchcounter=\count140
\scratchdimen=\dimen152
\scratchbox=\box59
\nofMPsegments=\count141
\nofMParguments=\count142
\everyMPshowfont=\toks25
\MPscratchCnt=\count143
\MPscratchDim=\dimen153
\MPnumerator=\count144
\makeMPintoPDFobject=\count145
\everyMPtoPDFconversion=\toks26
) (/usr/share/texlive/texmf-dist/tex/latex/oberdiek/epstopdf-base.sty
Package: epstopdf-base 2010/02/09 v2.5 Base part for package epstopdf

(/usr/share/texlive/texmf-dist/tex/latex/oberdiek/grfext.sty
Package: grfext 2010/08/19 v1.1 Manage graphics extensions (HO)
)
Package grfext Info: Graphics extension search list:
(grfext)             [.png,.pdf,.jpg,.mps,.jpeg,.jbig2,.jb2,.PNG,.PDF,.JPG,.JPE
G,.JBIG2,.JB2,.eps]
(grfext)             \AppendGraphicsExtensions on input line 452.

(/usr/share/texlive/texmf-dist/tex/latex/latexconfig/epstopdf-sys.cfg
File: epstopdf-sys.cfg 2010/07/13 v1.3 Configuration of (r)epstopdf for TeX Liv
e
))
(/usr/share/texlive/texmf-dist/tex/latex/oberdiek/pdflscape.sty
Package: pdflscape 2008/08/11 v0.10 Display of landscape pages in PDF (HO)

(/usr/share/texlive/texmf-dist/tex/latex/graphics/lscape.sty
Package: lscape 2000/10/22 v3.01 Landscape Pages (DPC)
)
Package pdflscape Info: Auto-detected driver: pdftex on input line 80.
)
Package hyperref Info: Link coloring ON on input line 65.

(/usr/share/texlive/texmf-dist/tex/latex/hyperref/nameref.sty
Package: nameref 2012/10/27 v2.43 Cross-referencing by name of section

(/usr/share/texlive/texmf-dist/tex/generic/oberdiek/gettitlestring.sty
Package: gettitlestring 2010/12/03 v1.4 Cleanup title references (HO)
)
\c@section@level=\count146
)
LaTeX Info: Redefining \ref on input line 65.
LaTeX Info: Redefining \pageref on input line 65.
LaTeX Info: Redefining \nameref on input line 65.

(./thesis.out) (./thesis.out)
\@outlinefile=\write3
\openout3 = `thesis.out'.

 <UCD_Logo.pdf, id=120, 196.735pt x 286.06876pt>
File: UCD_Logo.pdf Graphic file (type pdf)

<use UCD_Logo.pdf>
Package pdftex.def Info: UCD_Logo.pdf used on input line 71.
(pdftex.def)             Requested size: 117.40549pt x 170.71652pt.
LaTeX Font Info:    Try loading font information for U+msa on input line 71.
 (/usr/share/texlive/texmf-dist/tex/latex/amsfonts/umsa.fd
File: umsa.fd 2013/01/14 v3.01 AMS symbols A
)
LaTeX Font Info:    Try loading font information for U+msb on input line 71.

(/usr/share/texlive/texmf-dist/tex/latex/amsfonts/umsb.fd
File: umsb.fd 2013/01/14 v3.01 AMS symbols B
) [1

{/var/lib/texmf/fonts/map/pdftex/updmap/pdftex.map} <./UCD_Logo.pdf>]
\openout2 = `abstract.aux'.

 (./abstract.texpdfTeX warning (ext4): destination with the same identifier (na
me{page.i}) has been already used, duplicate ignored
<to be read again> 
                   \relax 
l.8 \end{abstract}
                   [1

])
\openout2 = `acknowledgments.aux'.

 (./acknowledgments.tex)pdfTeX warning (ext4): destination with the same identi
fier (name{page.i}) has been already used, duplicate ignored
<to be read again> 
                   \relax 
l.73 \include{acknowledgments}
                               [1



] (./thesis.toc [2


])
\tf@toc=\write4
\openout4 = `thesis.toc'.

 [3] (./thesis.lof)
\tf@lof=\write5
\openout5 = `thesis.lof'.


[4

] (./thesis.lot)
\tf@lot=\write6
\openout6 = `thesis.lot'.

 [5

]
\openout2 = `intro.aux'.

 (./intro.tex
Chapter 1.
[1



]) [2]
\openout2 = `theory.aux'.

 (./theory.tex
Chapter 2.
LaTeX Font Info:    Try loading font information for OMS+cmr on input line 19.
(/usr/share/texlive/texmf-dist/tex/latex/base/omscmr.fd
File: omscmr.fd 2014/09/29 v2.5h Standard LaTeX font definitions
)
LaTeX Font Info:    Font shape `OMS/cmr/m/n' in size <12> not available
(Font)              Font shape `OMS/cmsy/m/n' tried instead on input line 19.

Overfull \hbox (36.29619pt too wide) in paragraph at lines 25--25
[] 
 []


Overfull \hbox (14.63324pt too wide) in paragraph at lines 25--41
[] 
 []


Underfull \hbox (badness 10000) in paragraph at lines 25--41

 []

[3



] [4] [5] [6]

Package amsmath Warning: Foreign command \atop;
(amsmath)                \frac or \genfrac should be used instead
(amsmath)                 on input line 184.

[7]
Overfull \hbox (14.63324pt too wide) in paragraph at lines 220--233
[] 
 []


Underfull \hbox (badness 10000) in paragraph at lines 220--233

 []

[8]
Overfull \hbox (14.63324pt too wide) in paragraph at lines 240--267
[] 
 []


Overfull \hbox (14.63324pt too wide) in paragraph at lines 293--342
[] 
 []

[9] [10] [11]
Overfull \hbox (9.81894pt too wide) in paragraph at lines 431--432
[]\OT1/cmr/m/n/12 Where $\OML/cmm/m/it/12 dW[]$ \OT1/cmr/m/n/12 and $\OML/cmm/m
/it/12 dW[]$ \OT1/cmr/m/n/12 are un-cor-re-lated weiner pro-cesses with $\OMS/c
msy/m/n/12 h\OML/cmm/m/it/12 dW[]\OMS/cmsy/m/n/12 i \OT1/cmr/m/n/12 = 0$ and $\
OMS/cmsy/m/n/12 h\OML/cmm/m/it/12 dW[]\OMS/cmsy/m/n/12 i \OT1/cmr/m/n/12 =
 []

[12]
Missing character: There is no Ë in font cmr12!
Missing character: There is no † in font cmr12!
Missing character: There is no â in font cmr12!
Missing character: There is no € in font cmr12!
Missing character: There is no ™ in font cmr12!
 [13] [14]) [15]
\openout2 = `results.aux'.

 (./results.tex
Chapter 3.
Missing character: There is no â in font cmr12!
Missing character: There is no € in font cmr12!
Missing character: There is no ™ in font cmr12!

</home/ian/Desktop/MSc-Proj/thesistemplate/imgs/x-angle.png, id=366, 462.528pt 
x 346.896pt>
File: /home/ian/Desktop/MSc-Proj/thesistemplate/imgs/x-angle.png Graphic file (
type png)
 <use /home/ian/Desktop/MSc-Proj/thesistemplate/imgs/x-angle.png>
Package pdftex.def Info: /home/ian/Desktop/MSc-Proj/thesistemplate/imgs/x-angle
.png used on input line 10.
(pdftex.def)             Requested size: 227.62206pt x 170.71628pt.

</home/ian/Desktop/MSc-Proj/thesistemplate/imgs/lambda.png, id=368, 462.528pt x
 346.896pt>
File: /home/ian/Desktop/MSc-Proj/thesistemplate/imgs/lambda.png Graphic file (t
ype png)
 <use /home/ian/Desktop/MSc-Proj/thesistemplate/imgs/lambda.png>
Package pdftex.def Info: /home/ian/Desktop/MSc-Proj/thesistemplate/imgs/lambda.
png used on input line 15.
(pdftex.def)             Requested size: 227.62206pt x 170.71628pt.

Overfull \hbox (2.61108pt too wide) in paragraph at lines 8--18
[]$[]$ $[]$ 
 []

[16



 </home/ian/Desktop/MSc-Proj/thesistemplate/imgs/x-angle.png> </home/ian/Deskto
p/MSc-Proj/thesistemplate/imgs/lambda.png>]
</home/ian/Desktop/MSc-Proj/thesistemplate/imgs/vorticity-field-dns.png, id=382
, 462.528pt x 346.896pt>
File: /home/ian/Desktop/MSc-Proj/thesistemplate/imgs/vorticity-field-dns.png Gr
aphic file (type png)

<use /home/ian/Desktop/MSc-Proj/thesistemplate/imgs/vorticity-field-dns.png>
Package pdftex.def Info: /home/ian/Desktop/MSc-Proj/thesistemplate/imgs/vortici
ty-field-dns.png used on input line 38.
(pdftex.def)             Requested size: 227.62206pt x 170.71628pt.

</home/ian/Desktop/MSc-Proj/thesistemplate/imgs/concentration-field-dns.png, id
=383, 462.528pt x 346.896pt>
File: /home/ian/Desktop/MSc-Proj/thesistemplate/imgs/concentration-field-dns.pn
g Graphic file (type png)

<use /home/ian/Desktop/MSc-Proj/thesistemplate/imgs/concentration-field-dns.png
>
Package pdftex.def Info: /home/ian/Desktop/MSc-Proj/thesistemplate/imgs/concent
ration-field-dns.png used on input line 44.
(pdftex.def)             Requested size: 227.62206pt x 170.71628pt.

Overfull \hbox (2.61108pt too wide) in paragraph at lines 36--48
[]$[]$ $[]$ 
 []


</home/ian/Desktop/MSc-Proj/thesistemplate/imgs/stat-steady.png, id=385, 462.52
8pt x 346.896pt>
File: /home/ian/Desktop/MSc-Proj/thesistemplate/imgs/stat-steady.png Graphic fi
le (type png)

<use /home/ian/Desktop/MSc-Proj/thesistemplate/imgs/stat-steady.png>
Package pdftex.def Info: /home/ian/Desktop/MSc-Proj/thesistemplate/imgs/stat-st
eady.png used on input line 60.
(pdftex.def)             Requested size: 455.24411pt x 341.44843pt.


Package hyperref Warning: Token not allowed in a PDF string (PDFDocEncoding):
(hyperref)                removing `math shift' on input line 68.


Package hyperref Warning: Token not allowed in a PDF string (PDFDocEncoding):
(hyperref)                removing `\Lambda' on input line 68.


Package hyperref Warning: Token not allowed in a PDF string (PDFDocEncoding):
(hyperref)                removing `math shift' on input line 68.


</home/ian/Desktop/MSc-Proj/thesistemplate/imgs/angle-x-hist-pdf.png, id=389, 4
62.528pt x 346.896pt>
File: /home/ian/Desktop/MSc-Proj/thesistemplate/imgs/angle-x-hist-pdf.png Graph
ic file (type png)

<use /home/ian/Desktop/MSc-Proj/thesistemplate/imgs/angle-x-hist-pdf.png>
Package pdftex.def Info: /home/ian/Desktop/MSc-Proj/thesistemplate/imgs/angle-x
-hist-pdf.png used on input line 76.
(pdftex.def)             Requested size: 227.62206pt x 170.71628pt.

</home/ian/Desktop/MSc-Proj/thesistemplate/imgs/lambda-hist-pdf.png, id=390, 46
2.528pt x 346.896pt>
File: /home/ian/Desktop/MSc-Proj/thesistemplate/imgs/lambda-hist-pdf.png Graphi
c file (type png)

<use /home/ian/Desktop/MSc-Proj/thesistemplate/imgs/lambda-hist-pdf.png>
Package pdftex.def Info: /home/ian/Desktop/MSc-Proj/thesistemplate/imgs/lambda-
hist-pdf.png used on input line 82.
(pdftex.def)             Requested size: 227.62206pt x 170.71628pt.

Overfull \hbox (2.61108pt too wide) in paragraph at lines 74--86
[]$[]$ $[]$ 
 []

[17 </home/ian/Desktop/MSc-Proj/thesistemplate/imgs/vorticity-field-dns.png> </
home/ian/Desktop/MSc-Proj/thesistemplate/imgs/concentration-field-dns.png>]
[18 </home/ian/Desktop/MSc-Proj/thesistemplate/imgs/stat-steady.png>]
</home/ian/Desktop/MSc-Proj/thesistemplate/imgs/fp_p_xy.png, id=405, 462.528pt 
x 346.896pt>
File: /home/ian/Desktop/MSc-Proj/thesistemplate/imgs/fp_p_xy.png Graphic file (
type png)
 <use /home/ian/Desktop/MSc-Proj/thesistemplate/imgs/fp_p_xy.png>
Package pdftex.def Info: /home/ian/Desktop/MSc-Proj/thesistemplate/imgs/fp_p_xy
.png used on input line 98.
(pdftex.def)             Requested size: 227.62206pt x 170.71628pt.

</home/ian/Desktop/MSc-Proj/thesistemplate/imgs/fp_p_yz.png, id=406, 462.528pt 
x 346.896pt>
File: /home/ian/Desktop/MSc-Proj/thesistemplate/imgs/fp_p_yz.png Graphic file (
type png)
 <use /home/ian/Desktop/MSc-Proj/thesistemplate/imgs/fp_p_yz.png>
Package pdftex.def Info: /home/ian/Desktop/MSc-Proj/thesistemplate/imgs/fp_p_yz
.png used on input line 104.
(pdftex.def)             Requested size: 227.62206pt x 170.71628pt.

Overfull \hbox (2.61108pt too wide) in paragraph at lines 96--108
[]$[]$ $[]$ 
 []


</home/ian/Desktop/MSc-Proj/thesistemplate/imgs/fp_p_x.png, id=410, 462.528pt x
 346.896pt>
File: /home/ian/Desktop/MSc-Proj/thesistemplate/imgs/fp_p_x.png Graphic file (t
ype png)
 <use /home/ian/Desktop/MSc-Proj/thesistemplate/imgs/fp_p_x.png>
Package pdftex.def Info: /home/ian/Desktop/MSc-Proj/thesistemplate/imgs/fp_p_x.
png used on input line 117.
(pdftex.def)             Requested size: 227.62206pt x 170.71628pt.

</home/ian/Desktop/MSc-Proj/thesistemplate/imgs/fp_p_lambda.png, id=411, 462.52
8pt x 346.896pt>
File: /home/ian/Desktop/MSc-Proj/thesistemplate/imgs/fp_p_lambda.png Graphic fi
le (type png)

<use /home/ian/Desktop/MSc-Proj/thesistemplate/imgs/fp_p_lambda.png>
Package pdftex.def Info: /home/ian/Desktop/MSc-Proj/thesistemplate/imgs/fp_p_la
mbda.png used on input line 123.
(pdftex.def)             Requested size: 227.62206pt x 170.71628pt.

Overfull \hbox (2.61108pt too wide) in paragraph at lines 115--127
[]$[]$ $[]$ 
 []

[19 </home/ian/Desktop/MSc-Proj/thesistemplate/imgs/angle-x-hist-pdf.png> </hom
e/ian/Desktop/MSc-Proj/thesistemplate/imgs/lambda-hist-pdf.png> </home/ian/Desk
top/MSc-Proj/thesistemplate/imgs/fp_p_xy.png> </home/ian/Desktop/MSc-Proj/thesi
stemplate/imgs/fp_p_yz.png>]) [20 </home/ian/Desktop/MSc-Proj/thesistemplate/im
gs/fp_p_x.png> </home/ian/Desktop/MSc-Proj/thesistemplate/imgs/fp_p_lambda.png>
]
\openout2 = `discussion.aux'.

 (./discussion.tex
Chapter 4.

Overfull \hbox (1.67218pt too wide) in paragraph at lines 14--20
\OT1/cmr/m/n/12 Open-TURNS (Treat-ment of Un-cer-tain-ties, Risks'N Statis-tics
) http://www.openturns.org/
 []

) [21



] (./thesis.bbl) [22


]
\openout2 = `appendix1.aux'.

 (./appendix1.tex
Appendix A.

</home/ian/Desktop/MSc-Proj/thesistemplate/imgs/mu-field-dns.png, id=440, 462.5
28pt x 346.896pt>
File: /home/ian/Desktop/MSc-Proj/thesistemplate/imgs/mu-field-dns.png Graphic f
ile (type png)

<use /home/ian/Desktop/MSc-Proj/thesistemplate/imgs/mu-field-dns.png>
Package pdftex.def Info: /home/ian/Desktop/MSc-Proj/thesistemplate/imgs/mu-fiel
d-dns.png used on input line 8.
(pdftex.def)             Requested size: 227.62206pt x 170.71628pt.

</home/ian/Desktop/MSc-Proj/thesistemplate/imgs/phi-angle-dns.png, id=441, 462.
528pt x 346.896pt>
File: /home/ian/Desktop/MSc-Proj/thesistemplate/imgs/phi-angle-dns.png Graphic 
file (type png)

<use /home/ian/Desktop/MSc-Proj/thesistemplate/imgs/phi-angle-dns.png>
Package pdftex.def Info: /home/ian/Desktop/MSc-Proj/thesistemplate/imgs/phi-ang
le-dns.png used on input line 14.
(pdftex.def)             Requested size: 227.62206pt x 170.71628pt.

Overfull \hbox (2.61108pt too wide) in paragraph at lines 6--18
[]$[]$ $[]$ 
 []


</home/ian/Desktop/MSc-Proj/thesistemplate/imgs/theta-gradient-dns.png, id=442,
 462.528pt x 346.896pt>
File: /home/ian/Desktop/MSc-Proj/thesistemplate/imgs/theta-gradient-dns.png Gra
phic file (type png)

<use /home/ian/Desktop/MSc-Proj/thesistemplate/imgs/theta-gradient-dns.png>
Package pdftex.def Info: /home/ian/Desktop/MSc-Proj/thesistemplate/imgs/theta-g
radient-dns.png used on input line 25.
(pdftex.def)             Requested size: 227.62206pt x 170.71628pt.

</home/ian/Desktop/MSc-Proj/thesistemplate/imgs/X-angle-dns.png, id=443, 462.52
8pt x 346.896pt>
File: /home/ian/Desktop/MSc-Proj/thesistemplate/imgs/X-angle-dns.png Graphic fi
le (type png)

<use /home/ian/Desktop/MSc-Proj/thesistemplate/imgs/X-angle-dns.png>
Package pdftex.def Info: /home/ian/Desktop/MSc-Proj/thesistemplate/imgs/X-angle
-dns.png used on input line 31.
(pdftex.def)             Requested size: 227.62206pt x 170.71628pt.

Overfull \hbox (2.61108pt too wide) in paragraph at lines 23--35
[]$[]$ $[]$ 
 []

) [23


 </home/ian/Desktop/MSc-Proj/thesistemplate/imgs/mu-field-dns.png> </home/ian/D
esktop/MSc-Proj/thesistemplate/imgs/phi-angle-dns.png> </home/ian/Desktop/MSc-P
roj/thesistemplate/imgs/theta-gradient-dns.png> </home/ian/Desktop/MSc-Proj/the
sistemplate/imgs/X-angle-dns.png>]
\openout2 = `code.aux'.

 (./code.tex
Appendix B.
[24



] (/usr/share/texlive/texmf-dist/tex/latex/listings/lstlang1.sty
File: lstlang1.sty 2015/06/04 1.6 listings language file
)
(/home/ian/Desktop/MSc-Proj/code/thesis_code/SDEModelSolve.py
LaTeX Font Info:    Font shape `OT1/cmtt/bx/n' in size <10> not available
(Font)              Font shape `OT1/cmtt/m/n' tried instead on input line 1.
 [25] [26])
[27] (/home/ian/Desktop/MSc-Proj/code/thesis_code/FokkerPlankSolve.py [28]
[29] [30] [31] [32]) [33]
(/home/ian/Desktop/MSc-Proj/code/thesis_code/VorticitySolve.py [34]
Overfull \hbox (29.67984pt too wide) in paragraph at lines 75--76
[][][][] 
 []


Overfull \hbox (29.67984pt too wide) in paragraph at lines 77--78
[][][][] 
 []

[35] [36] [37]) [38]
(/home/ian/Desktop/MSc-Proj/code/thesis_code/VorticitySolvePostProcessing.py
[39] [40] [41] [42] [43] [44]) [45]
(/home/ian/Desktop/MSc-Proj/code/thesis_code/sim_n_plot.py [46] [47] [48]
[49] [50])) [51]
Package atveryend Info: Empty hook `BeforeClearDocument' on input line 102.
Package atveryend Info: Empty hook `AfterLastShipout' on input line 102.
 (./thesis.aux (./abstract.aux) (./acknowledgments.aux)
(./intro.aux) (./theory.aux) (./results.aux) (./discussion.aux)
(./appendix1.aux) (./code.aux))
Package atveryend Info: Executing hook `AtVeryEndDocument' on input line 102.
Package atveryend Info: Executing hook `AtEndAfterFileList' on input line 102.
Package rerunfilecheck Info: File `thesis.out' has not changed.
(rerunfilecheck)             Checksum: 155095014AF56BED0A7F8A21DD8DE7CB;1998.


LaTeX Warning: There were multiply-defined labels.

Package atveryend Info: Empty hook `AtVeryVeryEnd' on input line 102.
 ) 
Here is how much of TeX's memory you used:
 12667 strings out of 494953
 187802 string characters out of 6180977
 500852 words of memory out of 5000000
 14518 multiletter control sequences out of 15000+600000
 15886 words of font info for 61 fonts, out of 8000000 for 9000
 14 hyphenation exceptions out of 8191
 43i,19n,47p,476b,2001s stack positions out of 5000i,500n,10000p,200000b,80000s
</usr/share/texlive/texmf-dist/fonts/type1/public/amsfonts/cm/cmbx12.pfb></us
r/share/texlive/texmf-dist/fonts/type1/public/amsfonts/cm/cmbx8.pfb></usr/share
/texlive/texmf-dist/fonts/type1/public/amsfonts/cm/cmex10.pfb></usr/share/texli
ve/texmf-dist/fonts/type1/public/amsfonts/cm/cmitt10.pfb></usr/share/texlive/te
xmf-dist/fonts/type1/public/amsfonts/cm/cmmi12.pfb></usr/share/texlive/texmf-di
st/fonts/type1/public/amsfonts/cm/cmmi6.pfb></usr/share/texlive/texmf-dist/font
s/type1/public/amsfonts/cm/cmmi8.pfb></usr/share/texlive/texmf-dist/fonts/type1
/public/amsfonts/cm/cmr10.pfb></usr/share/texlive/texmf-dist/fonts/type1/public
/amsfonts/cm/cmr12.pfb></usr/share/texlive/texmf-dist/fonts/type1/public/amsfon
ts/cm/cmr6.pfb></usr/share/texlive/texmf-dist/fonts/type1/public/amsfonts/cm/cm
r8.pfb></usr/share/texlive/texmf-dist/fonts/type1/public/amsfonts/cm/cmsy10.pfb
></usr/share/texlive/texmf-dist/fonts/type1/public/amsfonts/cm/cmsy6.pfb></usr/
share/texlive/texmf-dist/fonts/type1/public/amsfonts/cm/cmsy8.pfb></usr/share/t
exlive/texmf-dist/fonts/type1/public/amsfonts/cm/cmti12.pfb></usr/share/texlive
/texmf-dist/fonts/type1/public/amsfonts/cm/cmtt10.pfb>
Output written on thesis.pdf (58 pages, 1564427 bytes).
PDF statistics:
 1918 PDF objects out of 2073 (max. 8388607)
 1788 compressed objects within 18 object streams
 1177 named destinations out of 1200 (max. 500000)
 313 words of extra memory for PDF output out of 10000 (max. 10000000)

